[    0.000000] Linux version 4.15.0-96-generic (buildd@lgw01-amd64-004) (gcc version 7.5.0 (Ubuntu 7.5.0-3ubuntu1~18.04)) #97-Ubuntu SMP Wed Apr 1 03:25:46 UTC 2020 (Ubuntu 4.15.0-96.97-generic 4.15.18)
[    0.000000] Command line: BOOT_IMAGE=/boot/vmlinuz-4.15.0-96-generic root=LABEL=cloudimg-rootfs ro console=tty1 console=ttyS0
[    0.000000] KERNEL supported cpus:
[    0.000000]   Intel GenuineIntel
[    0.000000]   AMD AuthenticAMD
[    0.000000]   Centaur CentaurHauls
[    0.000000] x86/fpu: Supporting XSAVE feature 0x001: 'x87 floating point registers'
[    0.000000] x86/fpu: Supporting XSAVE feature 0x002: 'SSE registers'
[    0.000000] x86/fpu: Supporting XSAVE feature 0x004: 'AVX registers'
[    0.000000] x86/fpu: xstate_offset[2]:  576, xstate_sizes[2]:  256
[    0.000000] x86/fpu: Enabled xstate features 0x7, context size is 832 bytes, using 'standard' format.
[    0.000000] e820: BIOS-provided physical RAM map:
[    0.000000] BIOS-e820: [mem 0x0000000000000000-0x000000000009fbff] usable
[    0.000000] BIOS-e820: [mem 0x000000000009fc00-0x000000000009ffff] reserved
[    0.000000] BIOS-e820: [mem 0x00000000000f0000-0x00000000000fffff] reserved
[    0.000000] BIOS-e820: [mem 0x0000000000100000-0x000000003ffeffff] usable
[    0.000000] BIOS-e820: [mem 0x000000003fff0000-0x000000003fffffff] ACPI data
[    0.000000] BIOS-e820: [mem 0x00000000fec00000-0x00000000fec00fff] reserved
[    0.000000] BIOS-e820: [mem 0x00000000fee00000-0x00000000fee00fff] reserved
[    0.000000] BIOS-e820: [mem 0x00000000fffc0000-0x00000000ffffffff] reserved
[    0.000000] NX (Execute Disable) protection: active
[    0.000000] SMBIOS 2.5 present.
[    0.000000] DMI: innotek GmbH VirtualBox/VirtualBox, BIOS VirtualBox 12/01/2006
[    0.000000] Hypervisor detected: KVM
[    0.000000] e820: last_pfn = 0x3fff0 max_arch_pfn = 0x400000000
[    0.000000] MTRR: Disabled
[    0.000000] x86/PAT: MTRRs disabled, skipping PAT initialization too.
[    0.000000] CPU MTRRs all blank - virtualized system.
[    0.000000] x86/PAT: Configuration [0-7]: WB  WT  UC- UC  WB  WT  UC- UC  
[    0.000000] found SMP MP-table at [mem 0x0009fff0-0x0009ffff]
[    0.000000] Scanning 1 areas for low memory corruption
[    0.000000] RAMDISK: [mem 0x35a6b000-0x36d2cfff]
[    0.000000] ACPI: Early table checksum verification disabled
[    0.000000] ACPI: RSDP 0x00000000000E0000 000024 (v02 VBOX  )
[    0.000000] ACPI: XSDT 0x000000003FFF0030 00003C (v01 VBOX   VBOXXSDT 00000001 ASL  00000061)
[    0.000000] ACPI: FACP 0x000000003FFF00F0 0000F4 (v04 VBOX   VBOXFACP 00000001 ASL  00000061)
[    0.000000] ACPI: DSDT 0x000000003FFF0470 002325 (v02 VBOX   VBOXBIOS 00000002 INTL 20100528)
[    0.000000] ACPI: FACS 0x000000003FFF0200 000040
[    0.000000] ACPI: FACS 0x000000003FFF0200 000040
[    0.000000] ACPI: APIC 0x000000003FFF0240 000054 (v02 VBOX   VBOXAPIC 00000001 ASL  00000061)
[    0.000000] ACPI: SSDT 0x000000003FFF02A0 0001CC (v01 VBOX   VBOXCPUT 00000002 INTL 20100528)
[    0.000000] No NUMA configuration found
[    0.000000] Faking a node at [mem 0x0000000000000000-0x000000003ffeffff]
[    0.000000] NODE_DATA(0) allocated [mem 0x3ffc5000-0x3ffeffff]
[    0.000000] kvm-clock: cpu 0, msr 0:3ff44001, primary cpu clock
[    0.000000] kvm-clock: Using msrs 4b564d01 and 4b564d00
[    0.000000] kvm-clock: using sched offset of 3557141692 cycles
[    0.000000] clocksource: kvm-clock: mask: 0xffffffffffffffff max_cycles: 0x1cd42e4dffb, max_idle_ns: 881590591483 ns
[    0.000000] Zone ranges:
[    0.000000]   DMA      [mem 0x0000000000001000-0x0000000000ffffff]
[    0.000000]   DMA32    [mem 0x0000000001000000-0x000000003ffeffff]
[    0.000000]   Normal   empty
[    0.000000]   Device   empty
[    0.000000] Movable zone start for each node
[    0.000000] Early memory node ranges
[    0.000000]   node   0: [mem 0x0000000000001000-0x000000000009efff]
[    0.000000]   node   0: [mem 0x0000000000100000-0x000000003ffeffff]
[    0.000000] Reserved but unavailable: 98 pages
[    0.000000] Initmem setup node 0 [mem 0x0000000000001000-0x000000003ffeffff]
[    0.000000] ACPI: PM-Timer IO Port: 0x4008
[    0.000000] IOAPIC[0]: apic_id 1, version 32, address 0xfec00000, GSI 0-23
[    0.000000] ACPI: INT_SRC_OVR (bus 0 bus_irq 0 global_irq 2 dfl dfl)
[    0.000000] ACPI: INT_SRC_OVR (bus 0 bus_irq 9 global_irq 9 low level)
[    0.000000] Using ACPI (MADT) for SMP configuration information
[    0.000000] smpboot: Allowing 1 CPUs, 0 hotplug CPUs
[    0.000000] PM: Registered nosave memory: [mem 0x00000000-0x00000fff]
[    0.000000] PM: Registered nosave memory: [mem 0x0009f000-0x0009ffff]
[    0.000000] PM: Registered nosave memory: [mem 0x000a0000-0x000effff]
[    0.000000] PM: Registered nosave memory: [mem 0x000f0000-0x000fffff]
[    0.000000] e820: [mem 0x40000000-0xfebfffff] available for PCI devices
[    0.000000] Booting paravirtualized kernel on KVM
[    0.000000] clocksource: refined-jiffies: mask: 0xffffffff max_cycles: 0xffffffff, max_idle_ns: 7645519600211568 ns
[    0.000000] random: get_random_bytes called from start_kernel+0x99/0x4fd with crng_init=0
[    0.000000] setup_percpu: NR_CPUS:8192 nr_cpumask_bits:1 nr_cpu_ids:1 nr_node_ids:1
[    0.000000] percpu: Embedded 45 pages/cpu s147456 r8192 d28672 u2097152
[    0.000000] PV qspinlock hash table entries: 256 (order: 0, 4096 bytes)
[    0.000000] Built 1 zonelists, mobility grouping on.  Total pages: 257913
[    0.000000] Policy zone: DMA32
[    0.000000] Kernel command line: BOOT_IMAGE=/boot/vmlinuz-4.15.0-96-generic root=LABEL=cloudimg-rootfs ro console=tty1 console=ttyS0
[    0.000000] Memory: 983240K/1048120K available (12300K kernel code, 2481K rwdata, 4264K rodata, 2432K init, 2712K bss, 64880K reserved, 0K cma-reserved)
[    0.000000] SLUB: HWalign=64, Order=0-3, MinObjects=0, CPUs=1, Nodes=1
[    0.000000] Kernel/User page tables isolation: enabled
[    0.000000] ftrace: allocating 39351 entries in 154 pages
[    0.004000] Hierarchical RCU implementation.
[    0.004000] 	RCU restricting CPUs from NR_CPUS=8192 to nr_cpu_ids=1.
[    0.004000] 	Tasks RCU enabled.
[    0.004000] RCU: Adjusting geometry for rcu_fanout_leaf=16, nr_cpu_ids=1
[    0.004000] NR_IRQS: 524544, nr_irqs: 256, preallocated irqs: 16
[    0.004000] Console: colour VGA+ 80x25
[    0.004000] console [tty1] enabled
[    0.004000] console [ttyS0] enabled
[    0.004000] ACPI: Core revision 20170831
[    0.004000] ACPI: 2 ACPI AML tables successfully acquired and loaded
[    0.004000] APIC: Switch to symmetric I/O mode setup
[    0.004000] x2apic enabled
[    0.004000] Switched APIC routing to physical x2apic.
[    0.004000] ..TIMER: vector=0x30 apic1=0 pin1=2 apic2=-1 pin2=-1
[    0.004003] tsc: Detected 2400.000 MHz processor
[    0.004763] Calibrating delay loop (skipped) preset value.. 4800.00 BogoMIPS (lpj=9600000)
[    0.005378] pid_max: default: 32768 minimum: 301
[    0.006174] Security Framework initialized
[    0.008002] Yama: becoming mindful.
[    0.009123] AppArmor: AppArmor initialized
[    0.010859] Dentry cache hash table entries: 131072 (order: 8, 1048576 bytes)
[    0.012048] Inode-cache hash table entries: 65536 (order: 7, 524288 bytes)
[    0.013168] Mount-cache hash table entries: 2048 (order: 2, 16384 bytes)
[    0.014250] Mountpoint-cache hash table entries: 2048 (order: 2, 16384 bytes)
[    0.016280] process: using mwait in idle threads
[    0.017059] Last level iTLB entries: 4KB 64, 2MB 8, 4MB 8
[    0.017944] Last level dTLB entries: 4KB 64, 2MB 0, 4MB 0, 1GB 4
[    0.018922] Spectre V1 : Mitigation: usercopy/swapgs barriers and __user pointer sanitization
[    0.020002] Spectre V2 : Mitigation: Full generic retpoline
[    0.020913] Spectre V2 : Spectre v2 / SpectreRSB mitigation: Filling RSB on context switch
[    0.022263] Speculative Store Bypass: Vulnerable
[    0.023064] MDS: Mitigation: Clear CPU buffers
[    0.036409] Freeing SMP alternatives memory: 36K
[    0.147202] smpboot: CPU0: Intel(R) Core(TM) i5-8279U CPU @ 2.40GHz (family: 0x6, model: 0x8e, stepping: 0xa)
[    0.148000] Performance Events: unsupported p6 CPU model 142 no PMU driver, software events only.
[    0.148000] Hierarchical SRCU implementation.
[    0.148597] NMI watchdog: Perf event create on CPU 0 failed with -2
[    0.149588] NMI watchdog: Perf NMI watchdog permanently disabled
[    0.150563] smp: Bringing up secondary CPUs ...
[    0.151299] smp: Brought up 1 node, 1 CPU
[    0.152013] smpboot: Max logical packages: 1
[    0.152700] smpboot: Total of 1 processors activated (4800.00 BogoMIPS)
[    0.153826] devtmpfs: initialized
[    0.154904] x86/mm: Memory block size: 128MB
[    0.156135] evm: security.selinux
[    0.156872] evm: security.SMACK64
[    0.157441] evm: security.SMACK64EXEC
[    0.158063] evm: security.SMACK64TRANSMUTE
[    0.158748] evm: security.SMACK64MMAP
[    0.160002] evm: security.apparmor
[    0.160584] evm: security.ima
[    0.161100] evm: security.capability
[    0.162268] clocksource: jiffies: mask: 0xffffffff max_cycles: 0xffffffff, max_idle_ns: 7645041785100000 ns
[    0.164007] futex hash table entries: 256 (order: 2, 16384 bytes)
[    0.165031] pinctrl core: initialized pinctrl subsystem
[    0.165978] RTC time: 23:40:25, date: 11/01/20
[    0.166843] NET: Registered protocol family 16
[    0.167663] audit: initializing netlink subsys (disabled)
[    0.168032] audit: type=2000 audit(1604274031.258:1): state=initialized audit_enabled=0 res=1
[    0.169475] cpuidle: using governor ladder
[    0.170150] cpuidle: using governor menu
[    0.172028] ACPI: bus type PCI registered
[    0.172703] acpiphp: ACPI Hot Plug PCI Controller Driver version: 0.5
[    0.173827] PCI: Using configuration type 1 for base access
[    0.175527] HugeTLB registered 2.00 MiB page size, pre-allocated 0 pages
[    0.177067] ACPI: Added _OSI(Module Device)
[    0.177924] ACPI: Added _OSI(Processor Device)
[    0.180006] ACPI: Added _OSI(3.0 _SCP Extensions)
[    0.180789] ACPI: Added _OSI(Processor Aggregator Device)
[    0.181682] ACPI: Added _OSI(Linux-Dell-Video)
[    0.182423] ACPI: Added _OSI(Linux-Lenovo-NV-HDMI-Audio)
[    0.183459] ACPI: Added _OSI(Linux-HPI-Hybrid-Graphics)
[    0.184338] ACPI: Executed 1 blocks of module-level executable AML code
[    0.188445] ACPI: Interpreter enabled
[    0.189088] ACPI: (supports S0 S5)
[    0.189676] ACPI: Using IOAPIC for interrupt routing
[    0.190661] PCI: Using host bridge windows from ACPI; if necessary, use "pci=nocrs" and report a bug
[    0.192000] ACPI: Enabled 2 GPEs in block 00 to 07
[    0.198231] ACPI: PCI Root Bridge [PCI0] (domain 0000 [bus 00-ff])
[    0.199428] acpi PNP0A03:00: _OSC: OS supports [ASPM ClockPM Segments MSI]
[    0.200334] acpi PNP0A03:00: _OSC: not requesting OS control; OS requires [ExtendedConfig ASPM ClockPM MSI]
[    0.201879] acpi PNP0A03:00: fail to add MMCONFIG information, can't access extended PCI configuration space under this bridge.
[    0.204413] PCI host bridge to bus 0000:00
[    0.205072] pci_bus 0000:00: root bus resource [io  0x0000-0x0cf7 window]
[    0.206107] pci_bus 0000:00: root bus resource [io  0x0d00-0xffff window]
[    0.207145] pci_bus 0000:00: root bus resource [mem 0x000a0000-0x000bffff window]
[    0.208002] pci_bus 0000:00: root bus resource [mem 0x40000000-0xfdffffff window]
[    0.209200] pci_bus 0000:00: root bus resource [bus 00-ff]
[    0.213798] pci 0000:00:01.1: legacy IDE quirk: reg 0x10: [io  0x01f0-0x01f7]
[    0.214963] pci 0000:00:01.1: legacy IDE quirk: reg 0x14: [io  0x03f6]
[    0.215991] pci 0000:00:01.1: legacy IDE quirk: reg 0x18: [io  0x0170-0x0177]
[    0.216001] pci 0000:00:01.1: legacy IDE quirk: reg 0x1c: [io  0x0376]
[    0.229345] pci 0000:00:07.0: quirk: [io  0x4000-0x403f] claimed by PIIX4 ACPI
[    0.231735] pci 0000:00:07.0: quirk: [io  0x4100-0x410f] claimed by PIIX4 SMB
[    0.239918] ACPI: PCI Interrupt Link [LNKA] (IRQs 5 9 10 *11)
[    0.240253] ACPI: PCI Interrupt Link [LNKB] (IRQs 5 9 *10 11)
[    0.241278] ACPI: PCI Interrupt Link [LNKC] (IRQs 5 *9 10 11)
[    0.242300] ACPI: PCI Interrupt Link [LNKD] (IRQs 5 9 10 *11)
[    0.244340] SCSI subsystem initialized
[    0.245913] pci 0000:00:02.0: vgaarb: setting as boot VGA device
[    0.247789] pci 0000:00:02.0: vgaarb: VGA device added: decodes=io+mem,owns=io+mem,locks=none
[    0.248003] pci 0000:00:02.0: vgaarb: bridge control possible
[    0.248908] vgaarb: loaded
[    0.249485] ACPI: bus type USB registered
[    0.250208] usbcore: registered new interface driver usbfs
[    0.252011] usbcore: registered new interface driver hub
[    0.252892] usbcore: registered new device driver usb
[    0.253768] EDAC MC: Ver: 3.0.0
[    0.254615] PCI: Using ACPI for IRQ routing
[    0.256300] NetLabel: Initializing
[    0.256891] NetLabel:  domain hash size = 128
[    0.257615] NetLabel:  protocols = UNLABELED CIPSOv4 CALIPSO
[    0.258581] NetLabel:  unlabeled traffic allowed by default
[    0.259578] clocksource: Switched to clocksource kvm-clock
[    0.268992] VFS: Disk quotas dquot_6.6.0
[    0.270291] VFS: Dquot-cache hash table entries: 512 (order 0, 4096 bytes)
[    0.271739] AppArmor: AppArmor Filesystem Enabled
[    0.272854] pnp: PnP ACPI init
[    0.274690] pnp: PnP ACPI: found 3 devices
[    0.280841] clocksource: acpi_pm: mask: 0xffffff max_cycles: 0xffffff, max_idle_ns: 2085701024 ns
[    0.282668] NET: Registered protocol family 2
[    0.283549] TCP established hash table entries: 8192 (order: 4, 65536 bytes)
[    0.284793] TCP bind hash table entries: 8192 (order: 5, 131072 bytes)
[    0.285835] TCP: Hash tables configured (established 8192 bind 8192)
[    0.286861] UDP hash table entries: 512 (order: 2, 16384 bytes)
[    0.287805] UDP-Lite hash table entries: 512 (order: 2, 16384 bytes)
[    0.288852] NET: Registered protocol family 1
[    0.289581] pci 0000:00:00.0: Limiting direct PCI/PCI transfers
[    0.290758] pci 0000:00:01.0: Activating ISA DMA hang workarounds
[    0.291810] pci 0000:00:02.0: Video device with shadowed ROM at [mem 0x000c0000-0x000dffff]
[    0.293326] Unpacking initramfs...
[    0.524267] Freeing initrd memory: 19208K
[    0.525436] clocksource: tsc: mask: 0xffffffffffffffff max_cycles: 0x22983777dd9, max_idle_ns: 440795300422 ns
[    0.527378] platform rtc_cmos: registered platform RTC device (no PNP device found)
[    0.528647] Scanning for low memory corruption every 60 seconds
[    0.530102] Initialise system trusted keyrings
[    0.531070] Key type blacklist registered
[    0.531772] workingset: timestamp_bits=36 max_order=18 bucket_order=0
[    0.535100] zbud: loaded
[    0.536456] squashfs: version 4.0 (2009/01/31) Phillip Lougher
[    0.537594] fuse init (API version 7.26)
[    0.538895] Key type asymmetric registered
[    0.539671] Asymmetric key parser 'x509' registered
[    0.540499] Block layer SCSI generic (bsg) driver version 0.4 loaded (major 246)
[    0.542159] io scheduler noop registered
[    0.542812] io scheduler deadline registered
[    0.543622] io scheduler cfq registered (default)
[    0.544799] ACPI: AC Adapter [AC] (on-line)
[    0.545529] input: Power Button as /devices/LNXSYSTM:00/LNXPWRBN:00/input/input0
[    0.546725] ACPI: Power Button [PWRF]
[    0.547395] input: Sleep Button as /devices/LNXSYSTM:00/LNXSLPBN:00/input/input1
[    0.548677] ACPI: Sleep Button [SLPF]
[    0.550282] ACPI: Battery Slot [BAT0] (battery present)
[    0.551476] Serial: 8250/16550 driver, 32 ports, IRQ sharing enabled
[    0.573508] 00:02 ttyS0 at I/O 0x3f8 (irq = 4, base_baud = 115200) is a 1650A
[    0.576424] Linux agpgart interface v0.103
[    0.577924] loop: module loaded
[    0.578836] scsi host0: ata_piix
[    0.579430] scsi host1: ata_piix
[    0.579996] ata1: PATA max UDMA/33 cmd 0x1f0 ctl 0x3f6 bmdma 0xd000 irq 14
[    0.581089] ata2: PATA max UDMA/33 cmd 0x170 ctl 0x376 bmdma 0xd008 irq 15
[    0.582591] libphy: Fixed MDIO Bus: probed
[    0.583263] tun: Universal TUN/TAP device driver, 1.6
[    0.584265] PPP generic driver version 2.4.2
[    0.584991] ehci_hcd: USB 2.0 'Enhanced' Host Controller (EHCI) Driver
[    0.586020] ehci-pci: EHCI PCI platform driver
[    0.586749] ehci-platform: EHCI generic platform driver
[    0.587593] ohci_hcd: USB 1.1 'Open' Host Controller (OHCI) Driver
[    0.588592] ohci-pci: OHCI PCI platform driver
[    0.589320] ohci-platform: OHCI generic platform driver
[    0.590719] uhci_hcd: USB Universal Host Controller Interface driver
[    0.591823] i8042: PNP: PS/2 Controller [PNP0303:PS2K,PNP0f03:PS2M] at 0x60,0x64 irq 1,12
[    0.593521] serio: i8042 KBD port at 0x60,0x64 irq 1
[    0.594341] serio: i8042 AUX port at 0x60,0x64 irq 12
[    0.595204] mousedev: PS/2 mouse device common for all mice
[    0.596288] input: AT Translated Set 2 keyboard as /devices/platform/i8042/serio0/input/input2
[    0.597960] rtc_cmos rtc_cmos: rtc core: registered rtc_cmos as rtc0
[    0.599032] rtc_cmos rtc_cmos: alarms up to one day, 114 bytes nvram
[    0.600036] i2c /dev entries driver
[    0.601006] device-mapper: uevent: version 1.0.3
[    0.601990] device-mapper: ioctl: 4.37.0-ioctl (2017-09-20) initialised: dm-devel@redhat.com
[    0.603391] ledtrig-cpu: registered to indicate activity on CPUs
[    0.604497] intel_pmc_core:  initialized
[    0.605313] NET: Registered protocol family 10
[    0.608876] Segment Routing with IPv6
[    0.609544] NET: Registered protocol family 17
[    0.610315] Key type dns_resolver registered
[    0.611112] mce: Using 0 MCE banks
[    0.611708] RAS: Correctable Errors collector initialized.
[    0.612673] sched_clock: Marking stable (612653267, 0)->(751920375, -139267108)
[    0.613986] registered taskstats version 1
[    0.614707] Loading compiled-in X.509 certificates
[    0.617416] Loaded X.509 cert 'Build time autogenerated kernel key: 244b473b43e18b01f00e37a87f2ecd28620f0244'
[    0.619586] zswap: loaded using pool lzo/zbud
[    0.622300] Key type big_key registered
[    0.623013] Key type trusted registered
[    0.625165] Key type encrypted registered
[    0.625872] AppArmor: AppArmor sha1 policy hashing enabled
[    0.626779] ima: No TPM chip found, activating TPM-bypass! (rc=-19)
[    0.627810] ima: Allocated hash algorithm: sha1
[    0.628624] evm: HMAC attrs: 0x1
[    0.629866]   Magic number: 12:678:705
[    0.630777] rtc_cmos rtc_cmos: setting system clock to 2020-11-01 23:40:26 UTC (1604274026)
[    0.632221] BIOS EDD facility v0.16 2004-Jun-25, 0 devices found
[    0.633240] EDD information not available.
[    0.766205] Freeing unused kernel image memory: 2432K
[    0.776552] Write protecting the kernel read-only data: 20480k
[    0.778576] Freeing unused kernel image memory: 2008K
[    0.779703] Freeing unused kernel image memory: 1880K
[    0.785819] x86/mm: Checked W+X mappings: passed, no W+X pages found.
[    0.788421] x86/mm: Checking user space page tables
[    0.794773] x86/mm: Checked W+X mappings: passed, no W+X pages found.
Loading, please wait...
starting version 237
[    0.881158] e1000: Intel(R) PRO/1000 Network Driver - version 7.3.21-k8-NAPI
[    0.882797] e1000: Copyright (c) 1999-2006 Intel Corporation.
[    0.890702] Fusion MPT base driver 3.04.20
[    0.892237] Copyright (c) 1999-2008 LSI Corporation
[    0.905723] Fusion MPT SPI Host driver 3.04.20
[    0.909442] AVX2 version of gcm_enc/dec engaged.
[    0.910212] AES CTR mode by8 optimization enabled
[    1.102565] input: ImExPS/2 Generic Explorer Mouse as /devices/platform/i8042/serio1/input/input4
[    1.295782] e1000 0000:00:03.0 eth0: (PCI:33MHz:32-bit) 02:43:0e:00:05:fc
[    1.297365] e1000 0000:00:03.0 eth0: Intel(R) PRO/1000 Network Connection
[    1.299590] mptbase: ioc0: Initiating bringup
[    1.396194] ioc0: LSI53C1030 A0: Capabilities={Initiator}
[    1.640889] scsi host2: ioc0: LSI53C1030 A0, FwRev=00000000h, Ports=1, MaxQ=256, IRQ=20
[    1.808447] scsi 2:0:0:0: Direct-Access     VBOX     HARDDISK         1.0  PQ: 0 ANSI: 5
[    1.810636] scsi target2:0:0: Beginning Domain Validation
[    1.814837] random: fast init done
[    1.815617] scsi target2:0:0: Domain Validation skipping write tests
[    1.816934] scsi target2:0:0: Ending Domain Validation
[    1.818095] scsi target2:0:0: asynchronous
[    1.819500] scsi 2:0:1:0: Direct-Access     VBOX     HARDDISK         1.0  PQ: 0 ANSI: 5
[    1.821186] scsi target2:0:1: Beginning Domain Validation
[    1.824125] scsi target2:0:1: Domain Validation skipping write tests
[    1.825387] scsi target2:0:1: Ending Domain Validation
[    1.826372] scsi target2:0:1: asynchronous
[    1.829730] random: systemd-udevd: uninitialized urandom read (16 bytes read)
[    1.830944] random: systemd-udevd: uninitialized urandom read (16 bytes read)
[    1.832109] random: systemd-udevd: uninitialized urandom read (16 bytes read)
[    1.833508] sd 2:0:0:0: Attached scsi generic sg0 type 0
[    1.834419] sd 2:0:0:0: [sda] 20971520 512-byte logical blocks: (10.7 GB/10.0 GiB)
[    1.835733] sd 2:0:0:0: [sda] Write Protect is off
[    1.836805] sd 2:0:0:0: [sda] Incomplete mode parameter data
[    1.837736] sd 2:0:0:0: [sda] Assuming drive cache: write through
[    1.839014] sd 2:0:1:0: [sdb] 20480 512-byte logical blocks: (10.5 MB/10.0 MiB)
[    1.840388] sd 2:0:1:0: [sdb] Write Protect is off
[    1.841927] sd 2:0:1:0: [sdb] Incomplete mode parameter data
[    1.842840] sd 2:0:1:0: [sdb] Assuming drive cache: write through
[    1.843921] sd 2:0:1:0: Attached scsi generic sg1 type 0
[    1.846488]  sda: sda1
[    1.848059] sd 2:0:0:0: [sda] Attached SCSI disk
[    1.853308] sd 2:0:1:0: [sdb] Attached SCSI disk
[    2.215260] e1000 0000:00:08.0 eth1: (PCI:33MHz:32-bit) 08:00:27:99:31:c8
[    2.217117] e1000 0000:00:08.0 eth1: Intel(R) PRO/1000 Network Connection
[    2.219542] e1000 0000:00:08.0 enp0s8: renamed from eth1
[    2.222078] e1000 0000:00:03.0 enp0s3: renamed from eth0
Begin: Loading essential drivers ... [    3.556104] raid6: sse2x1   gen() 14437 MB/s
[    3.607791] raid6: sse2x1   xor() 10421 MB/s
[    3.665923] raid6: sse2x2   gen() 17407 MB/s
[    3.717757] raid6: sse2x2   xor() 11530 MB/s
[    3.765991] raid6: sse2x4   gen() 20317 MB/s
[    3.819109] raid6: sse2x4   xor() 12766 MB/s
[    3.874388] raid6: avx2x1   gen() 30666 MB/s
[    3.922730] raid6: avx2x1   xor() 18708 MB/s
[    3.974107] raid6: avx2x2   gen() 32452 MB/s
[    4.023514] raid6: avx2x2   xor() 20768 MB/s
[    4.073441] raid6: avx2x4   gen() 32534 MB/s
[    4.122667] raid6: avx2x4   xor() 23552 MB/s
[    4.124077] raid6: using algorithm avx2x4 gen() 32534 MB/s
[    4.125242] raid6: .... xor() 23552 MB/s, rmw enabled
[    4.126248] raid6: using avx2x2 recovery algorithm
[    4.128573] xor: automatically using best checksumming function   avx       
[    4.130838] async_tx: api initialized (async)
done.
Begin: Running /scripts/init-premount ... done.
Begin: Mounting root file system ... Begin: Running /scripts/local-top ... done.
Begin: Running /scripts/local-premount ... [    4.173214] Btrfs loaded, crc32c=crc32c-intel
Scanning for Btrfs filesystems
done.
Warning: fsck not present, so skipping root file system
[    4.198318] EXT4-fs (sda1): mounted filesystem with ordered data mode. Opts: (null)
done.
Begin: Running /scripts/local-bottom ... done.
Begin: Running /scripts/init-bottom ... done.
[    4.317257] ip_tables: (C) 2000-2006 Netfilter Core Team
[    4.323759] systemd[1]: systemd 237 running in system mode. (+PAM +AUDIT +SELINUX +IMA +APPARMOR +SMACK +SYSVINIT +UTMP +LIBCRYPTSETUP +GCRYPT +GNUTLS +ACL +XZ +LZ4 +SECCOMP +BLKID +ELFUTILS +KMOD -IDN2 +IDN -PCRE2 default-hierarchy=hybrid)
[    4.327254] systemd[1]: Detected virtualization oracle.
[    4.328118] systemd[1]: Detected architecture x86-64.

Welcome to [1mUbuntu 18.04.4 LTS[0m!

[    4.331468] systemd[1]: Set hostname to <ubuntu>.
[    4.335259] systemd[1]: Initializing machine ID from random generator.
[    4.336379] systemd[1]: Installed transient /etc/machine-id file.
[    4.520777] systemd[1]: Reached target System Time Synchronized.
[[0;32m  OK  [0m] Reached target System Time Synchronized.
[    4.523221] systemd[1]: Created slice User and Session Slice.
[[0;32m  OK  [0m] Created slice User and Session Slice.
[    4.525103] systemd[1]: Started Forward Password Requests to Wall Directory Watch.
[[0;32m  OK  [0m] Started Forward Password Requests to Wall Directory Watch.
[    4.527520] systemd[1]: Set up automount Arbitrary Executable File Formats File System Automount Point.
[[0;32m  OK  [0m] Set up automount Arbitrary Executab…rmats File System Automount Point.
[[0;32m  OK  [0m] Reached target Swap.
[[0;32m  OK  [0m] Created slice System Slice.
[[0;32m  OK  [0m] Listening on LVM2 poll daemon socket.
[[0;32m  OK  [0m] Listening on udev Control Socket.
[[0;32m  OK  [0m] Listening on /dev/initctl Compatibility Named Pipe.
[[0;32m  OK  [0m] Created slice system-serial\x2dgetty.slice.
[[0;32m  OK  [0m] Listening on Journal Socket.
         Starting Load Kernel Modules...
[[0;32m  OK  [0m] Listening on udev Kernel Socket.
         Starting udev Coldplug all Devices...
[[0;32m  OK  [0m] Listening on Syslog Socket.
[    4.609407] Loading iSCSI transport class v2.0-870.
[[0;32m  OK  [0m] Listening on LVM2 metadata daemon socket.
         Mounting Kernel Debug File System...
[    4.616901] iscsi: registered transport (tcp)
[[0;32m  OK  [0m] Reached target Slices.
[[0;32m  OK  [0m] Listening on Journal Audit Socket.
[[0;32m  OK  [0m] Listening on Journal Socket (/dev/log).
         Starting Create list of required st…ce nodes for the current kernel...
         Starting Uncomplicated firewall...
         Starting Set the console keyboard layout...
         Starting Remount Root and Kernel File Systems...
[[0;32m  OK  [0m] Reached target User and Group Name Lookups.
         Mounting Huge Pages File System...
         Mounting POSIX Message Queue File System...
         Starting Journal Service...
[[0;32m  OK  [0m] Listening on Device-mapper event daemon FIFOs.
         Starting Monitoring of LVM2 mirrors…ng dmeventd or progress polling...
[[0;32m  OK  [0m] Listening on Network Service Netlink Socket.
[[0;32m  OK  [0m] Mounted Kernel Debug File System.
[[0;32m  OK  [0m] Started Create list of required sta…vice nodes for the current kernel.
[[0;32m  OK  [0m] Started Uncomplicated firewall.
[[0;32m  OK  [0m] Mounted Huge Pages File System.
[[0;32m  OK  [0m] Mounted POSIX Message Queue File System.
         Starting Create Static Device Nodes in /dev...
[    4.689792] iscsi: registered transport (iser)
[[0;32m  OK  [0m] Started Load Kernel Modules.
         Starting Apply Kernel Variables...
         Mounting FUSE Control File System...
         Mounting Kernel Configuration File System...
[[0;32m  OK  [0m] Mounted FUSE Control File System.
[    4.713514] EXT4-fs (sda1): re-mounted. Opts: (null)
[[0;32m  OK  [0m] Started Remount Root and Kernel File Systems.
[[0;32m  OK  [0m] Started Create Static Device Nodes in /dev.
[[0;32m  OK  [0m] Mounted Kernel Configuration File System.
         Starting udev Kernel Device Manager...
         Starting Load/Save Random Seed...
[[0;32m  OK  [0m] Started LVM2 metadata daemon.
[[0;32m  OK  [0m] Started udev Coldplug all Devices.
[[0;32m  OK  [0m] Started udev Kernel Device Manager.
[[0;32m  OK  [0m] Started Journal Service.
[[0;32m  OK  [0m] Started Load/Save Random Seed.
[[0;32m  OK  [0m] Started Apply Kernel Variables.
[[0;32m  OK  [0m] Started Monitoring of LVM2 mirrors,…sing dmeventd or progress polling.
         Starting Flush Journal to Persistent Storage...
[[0;32m  OK  [0m] Started Flush Journal to Persistent Storage.
[[0;32m  OK  [0m] Started Set the console keyboard layout.
[[0;32m  OK  [0m] Started Dispatch Password Requests to Console Directory Watch.
[[0;32m  OK  [0m] Reached target Local Encrypted Volumes.
[[0;32m  OK  [0m] Reached target Local File Systems (Pre).
[[0;32m  OK  [0m] Reached target Local File Systems.
         Starting Create Volatile Files and Directories...
         Starting ebtables ruleset management...
         Starting AppArmor initialization...
         Starting Tell Plymouth To Write Out Runtime Data...
         Starting Set console font and keymap...
         Starting Commit a transient machine-id on disk...
[[0;32m  OK  [0m] Started Tell Plymouth To Write Out Runtime Data.
[[0;32m  OK  [0m] Started Create Volatile Files and Directories.
         Starting Update UTMP about System Boot/Shutdown...
[[0;32m  OK  [0m] Started Commit a transient machine-id on disk.
[[0;32m  OK  [0m] Started Set console font and keymap.
[[0;32m  OK  [0m] Started Update UTMP about System Boot/Shutdown.
[[0;32m  OK  [0m] Started ebtables ruleset management.
[[0;32m  OK  [0m] Found device /dev/ttyS0.
[[0;32m  OK  [0m] Listening on Load/Save RF Kill Switch Status /dev/rfkill Watch.
[[0;32m  OK  [0m] Started AppArmor initialization.
         Starting Initial cloud-init job (pre-networking)...
[    6.879926] cloud-init[547]: Cloud-init v. 19.4-33-gbb4131a2-0ubuntu1~18.04.1 running 'init-local' at Sun, 01 Nov 2020 23:40:32 +0000. Up 6.60 seconds.
[[0;32m  OK  [0m] Started Initial cloud-init job (pre-networking).
[[0;32m  OK  [0m] Reached target Network (Pre).
         Starting Network Service...
[[0;32m  OK  [0m] Started Network Service.
         Starting Network Name Resolution...
         Starting Wait for Network to be Configured...
[[0;32m  OK  [0m] Started Network Name Resolution.
[[0;32m  OK  [0m] Reached target Network.
[[0;32m  OK  [0m] Reached target Host and Network Name Lookups.
[[0;32m  OK  [0m] Started Wait for Network to be Configured.
         Starting Initial cloud-init job (metadata service crawler)...
[    8.813538] cloud-init[637]: Cloud-init v. 19.4-33-gbb4131a2-0ubuntu1~18.04.1 running 'init' at Sun, 01 Nov 2020 23:40:34 +0000. Up 8.70 seconds.
[    8.824147] cloud-init[637]: ci-info: +++++++++++++++++++++++++++++++++++++Net device info++++++++++++++++++++++++++++++++++++++
[    8.825426] cloud-init[637]: ci-info: +--------+-------+--------------------------+---------------+--------+-------------------+
[    8.826648] cloud-init[637]: ci-info: | Device |   Up  |         Address          |      Mask     | Scope  |     Hw-Address    |
[    8.828524] cloud-init[637]: ci-info: +--------+-------+--------------------------+---------------+--------+-------------------+
[    8.830175] cloud-init[637]: ci-info: | enp0s3 |  True |        10.0.2.15         | 255.255.255.0 | global | 02:43:0e:00:05:fc |
[    8.836094] cloud-init[637]: ci-info: | enp0s3 |  True | fe80::43:eff:fe00:5fc/64 |       .       |  link  | 02:43:0e:00:05:fc |
[    8.840124] cloud-init[637]: ci-info: | enp0s8 | False |            .             |       .       |   .    | 08:00:27:99:31:c8 |
[    8.841939] cloud-init[637]: ci-info: |   lo   |  True |        127.0.0.1         |   255.0.0.0   |  host  |         .         |
[    8.846980] cloud-init[637]: ci-info: |   lo   |  True |         ::1/128          |       .       |  host  |         .         |
[    8.850939] cloud-init[637]: ci-info: +--------+-------+--------------------------+---------------+--------+-------------------+
[    8.852685] cloud-init[637]: ci-info: ++++++++++++++++++++++++++++Route IPv4 info+++++++++++++++++++++++++++++
[    8.854333] cloud-init[637]: ci-info: +-------+-------------+----------+-----------------+-----------+-------+
[    8.858225] cloud-init[637]: ci-info: | Route | Destination | Gateway  |     Genmask     | Interface | Flags |
[    8.860229] cloud-init[637]: ci-info: +-------+-------------+----------+-----------------+-----------+-------+
[    8.862761] cloud-init[637]: ci-info: |   0   |   0.0.0.0   | 10.0.2.2 |     0.0.0.0     |   enp0s3  |   UG  |
[    8.866194] cloud-init[637]: ci-info: |   1   |   10.0.2.0  | 0.0.0.0  |  255.255.255.0  |   enp0s3  |   U   |
[    8.867862] cloud-init[637]: ci-info: |   2   |   10.0.2.2  | 0.0.0.0  | 255.255.255.255 |   enp0s3  |   UH  |
[    8.869843] cloud-init[637]: ci-info: +-------+-------------+----------+-----------------+-----------+-------+
[    8.871409] cloud-init[637]: ci-info: +++++++++++++++++++Route IPv6 info+++++++++++++++++++
[    8.877293] cloud-init[637]: ci-info: +-------+-------------+---------+-----------+-------+
[    8.880287] cloud-init[637]: ci-info: | Route | Destination | Gateway | Interface | Flags |
[    8.883176] cloud-init[637]: ci-info: +-------+-------------+---------+-----------+-------+
[    8.885641] cloud-init[637]: ci-info: |   1   |  fe80::/64  |    ::   |   enp0s3  |   U   |
[    8.888155] cloud-init[637]: ci-info: |   3   |    local    |    ::   |   enp0s3  |   U   |
[    8.889985] cloud-init[637]: ci-info: |   4   |   ff00::/8  |    ::   |   enp0s3  |   U   |
[    8.891792] cloud-init[637]: ci-info: +-------+-------------+---------+-----------+-------+
[    9.363345] cloud-init[637]: Generating public/private rsa key pair.
[    9.372382] cloud-init[637]: Your identification has been saved in /etc/ssh/ssh_host_rsa_key.
[    9.384316] cloud-init[637]: Your public key has been saved in /etc/ssh/ssh_host_rsa_key.pub.
[    9.397341] cloud-init[637]: The key fingerprint is:
[[0;32m  OK  [0m] Started Initial cloud-init job (metadata service crawler).
[[0;32m  OK  [0m] Reached target System Initialization.
[    9.411467] cloud-init[637]: SHA256:9xVrjGyUeLsQtXoumhFFOOx04nUHFwERhq2auiUyumM root@ubuntu-bionic
         Starting LXD - unix socket.
[[0;32m  OK  [0m] Listening on D-Bus System Message Bus Socket.
[[0;32m  OK  [0m] Started Daily apt download activities.
[[0;32m  OK  [0m] Started Daily apt upgrade and clean activities.
[[0;32m  OK  [0m] Started Daily Cleanup of Temporary Directories.
[[0;32m  OK  [0m] Listening on UUID daemon activation socket.
[[0;32m  OK  [0m] Started Message of the Day.
[[0;32m  OK  [0m] Listening on ACPID Listen Socket.
[    9.430392] cloud-init[637]: The key's randomart image is:
[    9.502180] cloud-init[[0;32m  OK  [0m] Started ACPI Events Check.
[[0;32m  OK  [0m] Reached target Paths.
[637]: +---[RSA 2048]----+
[    9.505006] cloud-init[637]: |       . ..oB=+o |
         Starting Socket activation for snappy daemon.
[    9.506520] cloud-init[637]: |        *.++o+.  |
[[0;32m  OK  [0m] Started Discard unused blocks once a week.[    9.508169] cloud-init[637]: |       + =+o=..  |
[    9.508868] cloud-init[637]: |        o..* + o |
[    9.509627] cloud-init[637]: |        So+ * =  |
[    9.510667] cloud-init[637]: |        oo * +   |
[    9.511686] 
[[0;32m  OK  [0m] Reached target Timers.
[[0;32m  OK  [0m] Listening on Open-iSCSI iscsid Socket.
[[0;32m  OK  [0m] Reached target Network is Online.
[[0;32m  OK  [0m] Reached target Remote File Systems (Pre).
[[0;32m  OK  [0m] Reached target Remote File Systems.
         Starting Availability of block devices...
[[0;32m  OK  [0m] Reached target Cloud-config availability.
[[0;32m  OK  [0m] Listening on LXD - unix socket.
[[0;32m  OK  [0m] Listening on Socket activation for snappy daemon.cloud-init[637]: |    o ..o . +    |
[    9.525316] cloud-init[637]: |  E. o.o + .     |
[    9.526061] cloud-init[637]: | .oo  ..o        |
[    9.526886] cloud-init[637]: +----[SHA256]-----+
[    9.527646] cloud-init[637]: 
[[0;32m  OK  [0m] Reached target Sockets.
[[0;32m  OK  [0m] Reached target Basic System.
         Starting Permit User Sessions...
Generating public/private dsa key pair.[[0;32m  OK  [0m] Started Regular background program processing daemon.

[[0;32m  OK  [0m] Started FUSE filesystem for LXC.
         Starting LSB: automatic crash report generation...
[    9.551353] cloud-init[637]: Your identification has been saved in /etc/ssh/ssh_host_dsa_key.
[    9.556229] cloud-init[637]: Your public key has been saved in /etc/ssh/ssh_host_dsa_key.pub.
[    9.560252] cloud-init[637]: The key fingerprint is:
[    9.561148] cloud-init[637]: SHA256:O7udpfzaMsi8Ff8D9IPENVcyLsnzkk8pegONMnDsnUw root@ubuntu-bionic
[    9.562978]          Starting Pollinate to seed the pseudo random number generator...
         Starting Virtualbox guest utils...
cloud-init[637]: The key's randomart image is:
[[0;32m  OK  [0m] Started Deferred execution scheduler.
         Starting Accounts Service...
         Starting LSB: Record successful boot for GRUB...
[    9.574305] cloud-init[637]: +---[DSA 1024]----+
[    9.601461] cloud-init[637]: |              o o|
[    9.601833] cloud-init[637]: |       .   . ooo.|
[    9.602806] cloud-init[637]: |      . o E.=..o |
[    9.604127] cloud-init[637]: |       + + ++= . |
[    9.604887] cloud-init[637]: |        S Bo=o+  |
[    9.606540] cloud-init[637]: |         + =o=o  |
[    9.616159] cloud-init[637]: |       oo.o =... |
[    9.628137] cloud-init[637]: |        +*o* o.  |
[    9.642321] [[0;32m  OK  [0m] Started irqbalance daemon.
cloud-init[637]: |        +o*=o .. |
[    9.647422] cloud-init[637]: +----[SHA256]-----+
[    9.648566] cloud-init[637]: Generating public/private ecdsa key pair.
[    9.649245] cloud-init[637]: Your identification has been saved in /etc/ssh/ssh_host_ecdsa_key.
         [    9.664896] cloud-init[637]: Your public key has been saved in /etc/ssh/ssh_host_ecdsa_key.pub.
[    9.665042] cloud-init[637]: The key fingerprint is:
[    9.665131] cloud-init[637]: SHA256:gb3j7HO4KqPKsXbKIy+7ypvlbOEE6BHGxXPMCryR5tw root@ubuntu-bionic
[    9.665272] cloud-init[637]: The key's randomart image is:
[    9.665354] cloud-init[637]: +---[ECDSA 256]---+
[    9.665436] cloud-init[637]: |o +.o            |
[    9.665521] cloud-init[637]: | X o + o         |
[    9.665607] cloud-init[637]: |* * + . o        |
Starting Snappy daemon...
[    9.674351] cloud-init[637]: |.* E     o       |
[    9.680804] cloud-init[637]: |. o     S        |
[    9.683802] cloud-init[637]: | . o   o .       |
[    9.686472] cloud-init[637]: | .o..   o.       |
[    9.688883] cloud-init[637]: |*oB+o  .o .      |
[    9.690682] cloud-init[637]: |O#O+ o..o+       |
[    9.694357] cloud-init[637]: +----[SHA256]-----+
[    9.697798] cloud-init[637]: Generating public/private ed25519 key pair.
[    9.703824] cloud-init[637]: Your identification has been saved in /etc/ssh/ssh_host_ed25519_key.
[    9.709598] cloud-init[637]: Your public key has been saved in /etc/ssh/ssh_host_ed25519_key.pub.
[    9.716005] cloud-init[637]: The key fingerprint is:
[    9.717782] cloud-init[637]: SHA256:gKGENogQ7OlU+I+/CZHSCE0VABA8zFvEtmbnWjvmd48 root@ubuntu-bionic
[    9.723745] cloud-init[637]: The key's randomart image is:
[    9.729024] cloud-init[637]: +--[ED25519 256]--+
[    9.731533] cloud-init[637]: |/=B++.           |
[    9.734240] cloud-init[637]: |+& * o           |
[    9.735456] cloud-init         Starting Dispatcher daemon for systemd-networkd...
         Starting System Logging Service...
         Starting Login Service...
[637]: |+ % o .          |
[[0;32m  OK  [0m] Started D-Bus System Message Bus.
[    9.784983] cloud-init[637]: |.=o=.. .         |
[    9.786467] cloud-init[637]: |ooo+=   S        |
[    9.787531] cloud-init[637]: | ....+           |
[    9.788393] cloud-init[637]: |   .+ .          |
[    9.789388] cloud-init[637]: |   ..=.. ..      |
[    9.791060] cloud-init[637]: |    o++ .E..     |
[    9.791410] cloud-init[637]: +----[SHA256]-----+
         Starting LXD - container startup/shutdown...
[[0;32m  OK  [0m] Started Availability of block devices.
[[0;32m  OK  [0m] Started Permit User Sessions.
[[0;32m  OK  [0m] Started Login Service.
[[0;32m  OK  [0m] Started Unattended Upgrades Shutdown.
         Starting Terminate Plymouth Boot Screen...
         Starting Hold until boot process finishes up...
[[0;32m  OK  [0m] Started System Logging Service.
[[0;32m  OK  [0m] Started Terminate Plymouth Boot Screen.
[[0;32m  OK  [0m] Started Hold until boot process finishes up.
         Starting Set console scheme...
[[0;32m  OK  [0m] Started Serial Getty on ttyS0.
[[0;32m  OK  [0m] Started LSB: automatic crash report generation.
[[0;32m  OK  [0m] Started Set console scheme.
[[0;32m  OK  [0m] Created slice system-getty.slice.
[[0;32m  OK  [0m] Started Getty on tty1.
[[0;32m  OK  [0m] Reached target Login Prompts.
         Starting Authorization Manager...
[[0;32m  OK  [0m] Started LSB: Record successful boot for GRUB.
[[0;32m  OK  [0m] Started LXD - container startup/shutdown.
[[0;32m  OK  [0m] Started Authorization Manager.
[[0;32m  OK  [0m] Started Accounts Service.
[[0;32m  OK  [0m] Started Virtualbox guest utils.
[[0;32m  OK  [0m] Started Dispatcher daemon for systemd-networkd.
[[0;32m  OK  [0m] Started Snappy daemon.
         Starting Wait until snapd is fully seeded...
[[0;32m  OK  [0m] Started Pollinate to seed the pseudo random number generator.
         Starting OpenBSD Secure Shell server...
[[0;32m  OK  [0m] Started OpenBSD Secure Shell server.
[[0;32m  OK  [0m] Created slice User Slice of vagrant.
         Starting User Manager for UID 1000...
[[0;32m  OK  [0m] Started Session 1 of user vagrant.
[[0;32m  OK  [0m] Started User Manager for UID 1000.
         Stopping User Manager for UID 1000...
[[0;32m  OK  [0m] Stopped User Manager for UID 1000.
[[0;32m  OK  [0m] Removed slice User Slice of vagrant.
[[0;32m  OK  [0m] Created slice User Slice of vagrant.
         Starting User Manager for UID 1000...
[[0;32m  OK  [0m] Started Session 3 of user vagrant.
[[0;32m  OK  [0m] Started User Manager for UID 1000.
[[0;32m  OK  [0m] Started Wait until snapd is fully seeded.
[[0;32m  OK  [0m] Reached target Multi-User System.
[[0;32m  OK  [0m] Reached target Graphical Interface.
         Starting Update UTMP about System Runlevel Changes...
         Starting Apply the settings specified in cloud-config...
[   15.593907] cloud-init[1413]: Cloud-init v. 19.4-33-gbb4131a2-0ubuntu1~18.04.1 running 'modules:config' at Sun, 01 Nov 2020 23:40:41 +0000. Up 15.26 seconds.

Ubuntu 18.04.4 LTS ubuntu-bionic ttyS0

ubuntu-bionic login: ci-info: no authorized SSH keys fingerprints found for user ubuntu.
<14>Nov  1 23:40:42 ec2: 
<14>Nov  1 23:40:42 ec2: #############################################################
<14>Nov  1 23:40:42 ec2: -----BEGIN SSH HOST KEY FINGERPRINTS-----
<14>Nov  1 23:40:42 ec2: 1024 SHA256:O7udpfzaMsi8Ff8D9IPENVcyLsnzkk8pegONMnDsnUw root@ubuntu-bionic (DSA)
<14>Nov  1 23:40:42 ec2: 256 SHA256:gb3j7HO4KqPKsXbKIy+7ypvlbOEE6BHGxXPMCryR5tw root@ubuntu-bionic (ECDSA)
<14>Nov  1 23:40:42 ec2: 256 SHA256:gKGENogQ7OlU+I+/CZHSCE0VABA8zFvEtmbnWjvmd48 root@ubuntu-bionic (ED25519)
<14>Nov  1 23:40:42 ec2: 2048 SHA256:9xVrjGyUeLsQtXoumhFFOOx04nUHFwERhq2auiUyumM root@ubuntu-bionic (RSA)
<14>Nov  1 23:40:42 ec2: -----END SSH HOST KEY FINGERPRINTS-----
<14>Nov  1 23:40:42 ec2: #############################################################
-----BEGIN SSH HOST KEY KEYS-----
ecdsa-sha2-nistp256 AAAAE2VjZHNhLXNoYTItbmlzdHAyNTYAAAAIbmlzdHAyNTYAAABBBDNaKscaOqaMKSn4ZFk6Ptv0aS2BZjquESESYcyeJJMV0wPA1GhjShi2ojriXdjb/+5mIiQZ5Z0b745hnmyFzT8= root@ubuntu-bionic
ssh-ed25519 AAAAC3NzaC1lZDI1NTE5AAAAIF8wXtnEjM6/o9y5C8WUsyZMoOR1hR5rpEugNEbj6W30 root@ubuntu-bionic
ssh-rsa AAAAB3NzaC1yc2EAAAADAQABAAABAQDObX+j3a8CdmLzPJ7iGxqDLdIO6DaWgrJvCkCZ/e8V6NE0KJgSd8QkW/qtOTR6fhlh6D5jZj93NVS5JXYytiLXuBeNhOArzaaMtepTdY1u3LWX+z5wM67S6utswAOvRJ3D1U9PYZyto31jmBzxi9c5D1zQbHb6nPWuGeD+gBLE7yL28j9uMwT9TlUXIOlseCOOYF4Br7Cnf+zJPXjfoGT59r41RxvdSoxA/IBe7Sqy4Bx3EBTAXTi0KubEV2R/D//UP9ppt10cW/GmQNXh8OnAtL9ZmJW64n+8CA+8tqTcgl1dnekpvYVq3r9th6twR5JSSol/vEdriqi10Df6cxd7 root@ubuntu-bionic
-----END SSH HOST KEY KEYS-----
[   16.360000] cloud-init[1452]: Cloud-init v. 19.4-33-gbb4131a2-0ubuntu1~18.04.1 running 'modules:final' at Sun, 01 Nov 2020 23:40:41 +0000. Up 16.12 seconds.
[   16.360466] cloud-init[1452]: ci-info: no authorized SSH keys fingerprints found for user ubuntu.
[   16.360565] cloud-init[1452]: Cloud-init v. 19.4-33-gbb4131a2-0ubuntu1~18.04.1 finished at Sun, 01 Nov 2020 23:40:42 +0000. Datasource DataSourceNoCloud [seed=/dev/sdb][dsmode=net].  Up 16.34 seconds
